2025-02-14 10:48:54,065 - __main__ - INFO - The application has just started
2025-02-14 10:48:54,328 - Concretus.core.regular_concrete.models.data_model - INFO - Data model initialized
2025-02-14 10:48:54,521 - Concretus.gui.windows.welcome_widget - INFO - Welcome widget initialized
2025-02-14 10:48:54,657 - Concretus.gui.windows.regular_concrete_widget - INFO - Regular concrete widget initialized
2025-02-14 10:48:54,671 - Concretus.gui.windows.regular_concrete_widget - INFO - A complete update of the unit system to MKS has been made
2025-02-14 10:48:54,689 - Concretus.core.regular_concrete.models.validation - DEBUG - Validation logic is active
2025-02-14 10:48:54,690 - Concretus.gui.windows.check_design_widget - INFO - Check design widget initialized
2025-02-14 10:48:54,700 - Concretus.gui.windows.trial_mix_widget - INFO - Trial mix widget initialized
2025-02-14 10:48:54,739 - Concretus.core.regular_concrete.models.data_model - INFO - The current step changed to: 1
2025-02-14 10:48:54,739 - Concretus.gui.windows.main_window - INFO - Main window initialized
2025-02-14 10:48:59,815 - Concretus.gui.windows.main_window - INFO - The Regular Concrete design has been selected
2025-02-14 10:48:59,817 - Concretus.gui.windows.regular_concrete_widget - INFO - QRadioButton for fine table is active: False
2025-02-14 10:48:59,818 - Concretus.gui.windows.regular_concrete_widget - INFO - QRadioButton for coarse table is active: False
2025-02-14 10:48:59,820 - Concretus.gui.windows.regular_concrete_widget - INFO - The set of sieves for the MCE method has been generated
2025-02-14 10:48:59,826 - Concretus.gui.windows.regular_concrete_widget - INFO - A complete update of the current method to "MCE" has been made
2025-02-14 10:48:59,826 - Concretus.core.regular_concrete.models.data_model - INFO - Regular concrete method changed to: MCE
2025-02-14 10:48:59,827 - Concretus.core.regular_concrete.models.data_model - INFO - The current step changed to: 2
2025-02-14 10:49:02,788 - Concretus.gui.windows.main_window - INFO - The Check Design has been selected
2025-02-14 10:49:02,788 - Concretus.core.regular_concrete.models.data_model - INFO - Updated general_info.project_name -> 
2025-02-14 10:49:02,788 - Concretus.core.regular_concrete.models.data_model - INFO - Updated general_info.location -> 
2025-02-14 10:49:02,789 - Concretus.core.regular_concrete.models.data_model - INFO - Updated general_info.method -> MCE
2025-02-14 10:49:02,789 - Concretus.core.regular_concrete.models.data_model - INFO - Updated general_info.purchaser -> 
2025-02-14 10:49:02,790 - Concretus.core.regular_concrete.models.data_model - INFO - Updated general_info.date -> 01-01-2025
2025-02-14 10:49:02,790 - Concretus.core.regular_concrete.models.data_model - INFO - Updated field_requirements.slump -> 10
2025-02-14 10:49:02,790 - Concretus.core.regular_concrete.models.data_model - INFO - Updated field_requirements.exposure_class.group_1 -> Exposición al agua
2025-02-14 10:49:02,790 - Concretus.core.regular_concrete.models.data_model - INFO - Updated field_requirements.exposure_class.items_1 -> Despreciable
2025-02-14 10:49:02,791 - Concretus.core.regular_concrete.models.data_model - INFO - Updated field_requirements.exposure_class.group_2 -> Exposición a sulfatos
2025-02-14 10:49:02,791 - Concretus.core.regular_concrete.models.data_model - INFO - Updated field_requirements.exposure_class.items_2 -> Despreciable
2025-02-14 10:49:02,791 - Concretus.core.regular_concrete.models.data_model - INFO - Updated field_requirements.exposure_class.group_3 -> Humedad relativa
2025-02-14 10:49:02,791 - Concretus.core.regular_concrete.models.data_model - INFO - Updated field_requirements.exposure_class.items_3 -> Despreciable
2025-02-14 10:49:02,792 - Concretus.core.regular_concrete.models.data_model - INFO - Updated field_requirements.exposure_class.group_4 -> Condición ambiental
2025-02-14 10:49:02,792 - Concretus.core.regular_concrete.models.data_model - INFO - Updated field_requirements.exposure_class.items_4 -> Atmósfera común
2025-02-14 10:49:02,792 - Concretus.core.regular_concrete.models.data_model - INFO - Updated field_requirements.air_content.air_content_checked -> False
2025-02-14 10:49:02,792 - Concretus.core.regular_concrete.models.data_model - INFO - Updated field_requirements.air_content.user_defined -> 3.5
2025-02-14 10:49:02,792 - Concretus.core.regular_concrete.models.data_model - INFO - Updated field_requirements.air_content.exposure_defined -> True
2025-02-14 10:49:02,792 - Concretus.core.regular_concrete.models.data_model - INFO - Updated field_requirements.strength.spec_strength -> 210
2025-02-14 10:49:02,793 - Concretus.core.regular_concrete.models.data_model - INFO - Updated field_requirements.strength.std_dev_known.value -> 0.0
2025-02-14 10:49:02,793 - Concretus.core.regular_concrete.models.data_model - INFO - Updated field_requirements.strength.std_dev_known.test_nro -> 1
2025-02-14 10:49:02,793 - Concretus.core.regular_concrete.models.data_model - INFO - Updated field_requirements.strength.std_dev_known.defective_level -> 9.0
2025-02-14 10:49:02,793 - Concretus.core.regular_concrete.models.data_model - INFO - Updated field_requirements.strength.std_dev_unknown.qual_control -> Excelente
2025-02-14 10:49:02,793 - Concretus.core.regular_concrete.models.data_model - INFO - Updated field_requirements.strength.std_dev_unknown.margin -> 0
2025-02-14 10:49:02,794 - Concretus.core.regular_concrete.models.data_model - INFO - Updated cementitious_materials.cement_seller -> 
2025-02-14 10:49:02,794 - Concretus.core.regular_concrete.models.data_model - INFO - Updated cementitious_materials.cement_type -> Tipo I
2025-02-14 10:49:02,794 - Concretus.core.regular_concrete.models.data_model - INFO - Updated cementitious_materials.cement_class -> 42.5 [Cemento ordinario (CEM 1) o resistente a los sulfatos (SRPC)]
2025-02-14 10:49:02,794 - Concretus.core.regular_concrete.models.data_model - INFO - Updated cementitious_materials.relative_density -> 3.33
2025-02-14 10:49:02,794 - Concretus.core.regular_concrete.models.data_model - INFO - Updated cementitious_materials.SCM.SCM_checked -> False
2025-02-14 10:49:02,795 - Concretus.core.regular_concrete.models.data_model - INFO - Updated cementitious_materials.SCM.SCM_type -> 
2025-02-14 10:49:02,795 - Concretus.core.regular_concrete.models.data_model - INFO - Updated cementitious_materials.SCM.SCM_content -> 0
2025-02-14 10:49:02,795 - Concretus.core.regular_concrete.models.data_model - INFO - Updated cementitious_materials.SCM.SCM_relative_density -> 0.01
2025-02-14 10:49:02,795 - Concretus.core.regular_concrete.models.data_model - INFO - Updated fine_aggregate.info.name -> 
2025-02-14 10:49:02,795 - Concretus.core.regular_concrete.models.data_model - INFO - Updated fine_aggregate.info.source -> 
2025-02-14 10:49:02,796 - Concretus.core.regular_concrete.models.data_model - INFO - Updated fine_aggregate.info.type -> Natural
2025-02-14 10:49:02,796 - Concretus.core.regular_concrete.models.data_model - INFO - Updated fine_aggregate.physical_prop.relative_density_SSD -> 0.01
2025-02-14 10:49:02,796 - Concretus.core.regular_concrete.models.data_model - INFO - Updated fine_aggregate.physical_prop.PUS -> 0.01
2025-02-14 10:49:02,796 - Concretus.core.regular_concrete.models.data_model - INFO - Updated fine_aggregate.physical_prop.PUC -> 0.01
2025-02-14 10:49:02,797 - Concretus.core.regular_concrete.models.data_model - INFO - Updated fine_aggregate.moisture.moisture_content -> 0.0
2025-02-14 10:49:02,797 - Concretus.core.regular_concrete.models.data_model - INFO - Updated fine_aggregate.moisture.absorption_content -> 0.0
2025-02-14 10:49:02,797 - Concretus.core.regular_concrete.models.data_model - INFO - Updated coarse_aggregate.info.name -> 
2025-02-14 10:49:02,797 - Concretus.core.regular_concrete.models.data_model - INFO - Updated coarse_aggregate.info.source -> 
2025-02-14 10:49:02,797 - Concretus.core.regular_concrete.models.data_model - INFO - Updated coarse_aggregate.info.type -> Triturado
2025-02-14 10:49:02,798 - Concretus.core.regular_concrete.models.data_model - INFO - Updated coarse_aggregate.physical_prop.relative_density_SSD -> 0.01
2025-02-14 10:49:02,798 - Concretus.core.regular_concrete.models.data_model - INFO - Updated coarse_aggregate.physical_prop.PUS -> 0.01
2025-02-14 10:49:02,798 - Concretus.core.regular_concrete.models.data_model - INFO - Updated coarse_aggregate.physical_prop.PUC -> 0.01
2025-02-14 10:49:02,798 - Concretus.core.regular_concrete.models.data_model - INFO - Updated coarse_aggregate.moisture.moisture_content -> 0.0
2025-02-14 10:49:02,798 - Concretus.core.regular_concrete.models.data_model - INFO - Updated coarse_aggregate.moisture.absorption_content -> 0.0
2025-02-14 10:49:02,799 - Concretus.core.regular_concrete.models.data_model - INFO - Updated water.water_type -> Agua potable
2025-02-14 10:49:02,799 - Concretus.core.regular_concrete.models.data_model - INFO - Updated water.water_source -> 
2025-02-14 10:49:02,799 - Concretus.core.regular_concrete.models.data_model - INFO - Updated water.water_density -> 1000.0
2025-02-14 10:49:02,799 - Concretus.core.regular_concrete.models.data_model - INFO - Updated chemical_admixtures.admixture_type -> Incorporador de aire
2025-02-14 10:49:02,800 - Concretus.core.regular_concrete.models.data_model - INFO - Updated chemical_admixtures.admixture_name -> 
2025-02-14 10:49:02,800 - Concretus.core.regular_concrete.models.data_model - INFO - Updated chemical_admixtures.admixture_relative_density -> 0.001
2025-02-14 10:49:02,800 - Concretus.core.regular_concrete.models.data_model - INFO - Updated chemical_admixtures.admixture_dosage -> 0.01
2025-02-14 10:49:02,800 - Concretus.core.regular_concrete.models.data_model - INFO - Updated chemical_admixtures.effectiveness -> 0
2025-02-14 10:49:02,801 - Concretus.core.regular_concrete.models.data_model - INFO - Updated fine_aggregate.gradation.passing -> {'3/8" (9,5 mm)': None, 'No. 4 (4,75 mm)': None, 'No. 8 (2,36 mm)': None, 'No. 16 (1,18 mm)': None, 'No. 30 (0,600 mm)': None, 'No. 50 (0,300 mm)': None, 'No. 100 (0,150 mm)': None, 'No. 200 (0,075 mm)': None}
2025-02-14 10:49:02,801 - Concretus.core.regular_concrete.models.data_model - INFO - Updated fine_aggregate.gradation.retained -> {}
2025-02-14 10:49:02,801 - Concretus.core.regular_concrete.models.data_model - INFO - Updated coarse_aggregate.gradation.passing -> {'3" (75 mm)': None, '2-1/2" (63 mm)': None, '2" (50 mm)': None, '1-1/2" (37,5 mm)': None, '1" (25 mm)': None, '3/4" (19 mm)': None, '1/2" (12,5 mm)': None, '3/8" (9,5 mm)': None, '1/4" (6,3 mm)': None, 'No. 4 (4,75 mm)': None, 'No. 8 (2,36 mm)': None, 'No. 16 (1,18 mm)': None, 'No. 30 (0,600 mm)': None, 'No. 50 (0,300 mm)': None}
2025-02-14 10:49:02,801 - Concretus.core.regular_concrete.models.data_model - INFO - Updated coarse_aggregate.gradation.retained -> {}
2025-02-14 10:49:02,802 - Concretus.core.regular_concrete.models.data_model - INFO - Updated fine_aggregate.gradation.retained_checked -> False
2025-02-14 10:49:02,802 - Concretus.core.regular_concrete.models.data_model - INFO - Updated fine_aggregate.gradation.passing_checked -> True
2025-02-14 10:49:02,802 - Concretus.core.regular_concrete.models.data_model - INFO - Updated coarse_aggregate.gradation.retained_checked -> False
2025-02-14 10:49:02,802 - Concretus.core.regular_concrete.models.data_model - INFO - Updated coarse_aggregate.gradation.passing_checked -> True
2025-02-14 10:49:02,805 - Concretus.core.regular_concrete.models.data_model - INFO - Updated fine_aggregate.gradation.cumulative_retained -> {'3/8" (9,5 mm)': None, 'No. 4 (4,75 mm)': None, 'No. 8 (2,36 mm)': None, 'No. 16 (1,18 mm)': None, 'No. 30 (0,600 mm)': None, 'No. 50 (0,300 mm)': None, 'No. 100 (0,150 mm)': None, 'No. 200 (0,075 mm)': None}
2025-02-14 10:49:02,805 - Concretus.core.regular_concrete.models.data_model - INFO - Updated fine_aggregate.gradation.retained -> {}
2025-02-14 10:49:02,805 - Concretus.core.regular_concrete.models.data_model - INFO - Updated coarse_aggregate.gradation.cumulative_retained -> {'3" (75 mm)': None, '2-1/2" (63 mm)': None, '2" (50 mm)': None, '1-1/2" (37,5 mm)': None, '1" (25 mm)': None, '3/4" (19 mm)': None, '1/2" (12,5 mm)': None, '3/8" (9,5 mm)': None, '1/4" (6,3 mm)': None, 'No. 4 (4,75 mm)': None, 'No. 8 (2,36 mm)': None, 'No. 16 (1,18 mm)': None, 'No. 30 (0,600 mm)': None, 'No. 50 (0,300 mm)': None}
2025-02-14 10:49:02,805 - Concretus.core.regular_concrete.models.data_model - INFO - Updated coarse_aggregate.gradation.retained -> {}
2025-02-14 10:49:02,806 - Concretus.core.regular_concrete.models.data_model - INFO - Updated validation.coarse_category -> None
2025-02-14 10:49:02,806 - Concretus.core.regular_concrete.models.data_model - INFO - Updated validation.fine_category -> None
2025-02-14 10:49:02,806 - Concretus.core.regular_concrete.models.data_model - INFO - Updated validation.coarse_scores -> {'Nro. 0': 0.0, 'Nro. 1': 0.0, 'Nro. 2': 0.0, 'Nro. 3': 0.0}
2025-02-14 10:49:02,806 - Concretus.core.regular_concrete.models.data_model - INFO - Updated validation.fine_scores -> {'COVENIN 0277': 0.0}
2025-02-14 10:49:02,806 - Concretus.core.regular_concrete.models.data_model - INFO - Validation error: GRADING REQUIREMENTS FOR COARSE AGGREGATE -> Did not meet any requirements: {'Nro. 0': 0.0, 'Nro. 1': 0.0, 'Nro. 2': 0.0, 'Nro. 3': 0.0}
2025-02-14 10:49:02,807 - Concretus.core.regular_concrete.models.data_model - INFO - Validation error: GRADING REQUIREMENTS FOR FINE AGGREGATE -> Did not meet any requirements: {'COVENIN 0277': 0.0}
2025-02-14 10:49:02,815 - Concretus.core.regular_concrete.models.data_model - INFO - Updated validation.NMS -> None
2025-02-14 10:49:02,815 - Concretus.core.regular_concrete.models.data_model - INFO - Updated validation.fineness_modulus -> 0.0
2025-02-14 10:49:02,816 - Concretus.core.regular_concrete.models.data_model - INFO - Validation error: FINENESS MODULUS -> Fineness modulus out of range. Minimum: 2.3, Maximum: 3.1, Calculated: 0.0
2025-02-14 10:49:02,817 - Concretus.core.regular_concrete.models.data_model - INFO - Updated validation.exposure_classes -> {'Exposición al agua': 'Despreciable', 'Exposición a sulfatos': 'Despreciable', 'Humedad relativa': 'Despreciable', 'Condición ambiental': 'Atmósfera común'}
2025-02-14 10:49:02,818 - Concretus.core.regular_concrete.models.validation - DEBUG - The specified compressive strength is greater than the minimum required by regulations
2025-02-14 10:49:02,838 - Concretus.core.regular_concrete.models.data_model - INFO - The current step changed to: 3
2025-02-14 10:49:06,169 - Concretus.gui.windows.main_window - INFO - The Regular Concrete design has been selected
2025-02-14 10:49:06,171 - Concretus.gui.windows.regular_concrete_widget - INFO - QRadioButton for fine table is active: False
2025-02-14 10:49:06,172 - Concretus.gui.windows.regular_concrete_widget - INFO - QRadioButton for coarse table is active: False
2025-02-14 10:49:06,173 - Concretus.gui.windows.regular_concrete_widget - INFO - The set of sieves for the ACI method has been generated
2025-02-14 10:49:06,176 - Concretus.gui.windows.regular_concrete_widget - INFO - A complete update of the current method to "ACI" has been made
2025-02-14 10:49:06,176 - Concretus.core.regular_concrete.models.data_model - INFO - Regular concrete method changed to: ACI
2025-02-14 10:49:06,205 - Concretus.core.regular_concrete.models.data_model - INFO - The current step changed to: 2
2025-02-14 10:49:06,968 - Concretus.gui.windows.main_window - INFO - The Check Design has been selected
2025-02-14 10:49:06,968 - Concretus.core.regular_concrete.models.data_model - INFO - Updated general_info.project_name -> 
2025-02-14 10:49:06,969 - Concretus.core.regular_concrete.models.data_model - INFO - Updated general_info.location -> 
2025-02-14 10:49:06,969 - Concretus.core.regular_concrete.models.data_model - INFO - Updated general_info.method -> ACI
2025-02-14 10:49:06,969 - Concretus.core.regular_concrete.models.data_model - INFO - Updated general_info.purchaser -> 
2025-02-14 10:49:06,969 - Concretus.core.regular_concrete.models.data_model - INFO - Updated general_info.date -> 01-01-2025
2025-02-14 10:49:06,970 - Concretus.core.regular_concrete.models.data_model - INFO - Updated field_requirements.slump -> 25
2025-02-14 10:49:06,970 - Concretus.core.regular_concrete.models.data_model - INFO - Updated field_requirements.exposure_class.group_1 -> Exposición a sulfatos
2025-02-14 10:49:06,970 - Concretus.core.regular_concrete.models.data_model - INFO - Updated field_requirements.exposure_class.items_1 -> S0
2025-02-14 10:49:06,971 - Concretus.core.regular_concrete.models.data_model - INFO - Updated field_requirements.exposure_class.group_2 -> Exposición a ciclos de congelación y deshielo
2025-02-14 10:49:06,971 - Concretus.core.regular_concrete.models.data_model - INFO - Updated field_requirements.exposure_class.items_2 -> F0
2025-02-14 10:49:06,971 - Concretus.core.regular_concrete.models.data_model - INFO - Updated field_requirements.exposure_class.group_3 -> Exposición al contacto con agua
2025-02-14 10:49:06,971 - Concretus.core.regular_concrete.models.data_model - INFO - Updated field_requirements.exposure_class.items_3 -> W0
2025-02-14 10:49:06,972 - Concretus.core.regular_concrete.models.data_model - INFO - Updated field_requirements.exposure_class.group_4 -> Exposición a la corrosión
2025-02-14 10:49:06,972 - Concretus.core.regular_concrete.models.data_model - INFO - Updated field_requirements.exposure_class.items_4 -> C0
2025-02-14 10:49:06,972 - Concretus.core.regular_concrete.models.data_model - INFO - Updated field_requirements.air_content.air_content_checked -> False
2025-02-14 10:49:06,972 - Concretus.core.regular_concrete.models.data_model - INFO - Updated field_requirements.air_content.user_defined -> 3.5
2025-02-14 10:49:06,973 - Concretus.core.regular_concrete.models.data_model - INFO - Updated field_requirements.air_content.exposure_defined -> True
2025-02-14 10:49:06,973 - Concretus.core.regular_concrete.models.data_model - INFO - Updated field_requirements.strength.spec_strength -> 210
2025-02-14 10:49:06,973 - Concretus.core.regular_concrete.models.data_model - INFO - Updated field_requirements.strength.std_dev_known.value -> 0.0
2025-02-14 10:49:06,973 - Concretus.core.regular_concrete.models.data_model - INFO - Updated field_requirements.strength.std_dev_known.test_nro -> 1
2025-02-14 10:49:06,974 - Concretus.core.regular_concrete.models.data_model - INFO - Updated field_requirements.strength.std_dev_known.defective_level -> 9.0
2025-02-14 10:49:06,974 - Concretus.core.regular_concrete.models.data_model - INFO - Updated field_requirements.strength.std_dev_unknown.qual_control -> Excelente
2025-02-14 10:49:06,974 - Concretus.core.regular_concrete.models.data_model - INFO - Updated field_requirements.strength.std_dev_unknown.margin -> 0
2025-02-14 10:49:06,974 - Concretus.core.regular_concrete.models.data_model - INFO - Updated cementitious_materials.cement_seller -> 
2025-02-14 10:49:06,975 - Concretus.core.regular_concrete.models.data_model - INFO - Updated cementitious_materials.cement_type -> Tipo I
2025-02-14 10:49:06,975 - Concretus.core.regular_concrete.models.data_model - INFO - Updated cementitious_materials.cement_class -> 42.5 [Cemento ordinario (CEM 1) o resistente a los sulfatos (SRPC)]
2025-02-14 10:49:06,975 - Concretus.core.regular_concrete.models.data_model - INFO - Updated cementitious_materials.relative_density -> 3.15
2025-02-14 10:49:06,975 - Concretus.core.regular_concrete.models.data_model - INFO - Updated cementitious_materials.SCM.SCM_checked -> False
2025-02-14 10:49:06,979 - Concretus.core.regular_concrete.models.data_model - INFO - Updated cementitious_materials.SCM.SCM_type -> Cenizas volantes
2025-02-14 10:49:06,979 - Concretus.core.regular_concrete.models.data_model - INFO - Updated cementitious_materials.SCM.SCM_content -> 0
2025-02-14 10:49:06,979 - Concretus.core.regular_concrete.models.data_model - INFO - Updated cementitious_materials.SCM.SCM_relative_density -> 0.01
2025-02-14 10:49:06,980 - Concretus.core.regular_concrete.models.data_model - INFO - Updated fine_aggregate.info.name -> 
2025-02-14 10:49:06,980 - Concretus.core.regular_concrete.models.data_model - INFO - Updated fine_aggregate.info.source -> 
2025-02-14 10:49:06,980 - Concretus.core.regular_concrete.models.data_model - INFO - Updated fine_aggregate.info.type -> Natural
2025-02-14 10:49:06,980 - Concretus.core.regular_concrete.models.data_model - INFO - Updated fine_aggregate.physical_prop.relative_density_SSD -> 0.01
2025-02-14 10:49:06,980 - Concretus.core.regular_concrete.models.data_model - INFO - Updated fine_aggregate.physical_prop.PUS -> 0.01
2025-02-14 10:49:06,981 - Concretus.core.regular_concrete.models.data_model - INFO - Updated fine_aggregate.physical_prop.PUC -> 0.01
2025-02-14 10:49:06,981 - Concretus.core.regular_concrete.models.data_model - INFO - Updated fine_aggregate.moisture.moisture_content -> 0.0
2025-02-14 10:49:06,981 - Concretus.core.regular_concrete.models.data_model - INFO - Updated fine_aggregate.moisture.absorption_content -> 0.0
2025-02-14 10:49:06,981 - Concretus.core.regular_concrete.models.data_model - INFO - Updated coarse_aggregate.info.name -> 
2025-02-14 10:49:06,981 - Concretus.core.regular_concrete.models.data_model - INFO - Updated coarse_aggregate.info.source -> 
2025-02-14 10:49:06,981 - Concretus.core.regular_concrete.models.data_model - INFO - Updated coarse_aggregate.info.type -> Redondeada
2025-02-14 10:49:06,982 - Concretus.core.regular_concrete.models.data_model - INFO - Updated coarse_aggregate.physical_prop.relative_density_SSD -> 0.01
2025-02-14 10:49:06,982 - Concretus.core.regular_concrete.models.data_model - INFO - Updated coarse_aggregate.physical_prop.PUS -> 0.01
2025-02-14 10:49:06,982 - Concretus.core.regular_concrete.models.data_model - INFO - Updated coarse_aggregate.physical_prop.PUC -> 0.01
2025-02-14 10:49:06,982 - Concretus.core.regular_concrete.models.data_model - INFO - Updated coarse_aggregate.moisture.moisture_content -> 0.0
2025-02-14 10:49:06,982 - Concretus.core.regular_concrete.models.data_model - INFO - Updated coarse_aggregate.moisture.absorption_content -> 0.0
2025-02-14 10:49:06,982 - Concretus.core.regular_concrete.models.data_model - INFO - Updated water.water_type -> Agua potable
2025-02-14 10:49:06,983 - Concretus.core.regular_concrete.models.data_model - INFO - Updated water.water_source -> 
2025-02-14 10:49:06,983 - Concretus.core.regular_concrete.models.data_model - INFO - Updated water.water_density -> 1000.0
2025-02-14 10:49:06,983 - Concretus.core.regular_concrete.models.data_model - INFO - Updated chemical_admixtures.admixture_type -> Incorporador de aire
2025-02-14 10:49:06,983 - Concretus.core.regular_concrete.models.data_model - INFO - Updated chemical_admixtures.admixture_name -> 
2025-02-14 10:49:06,983 - Concretus.core.regular_concrete.models.data_model - INFO - Updated chemical_admixtures.admixture_relative_density -> 0.001
2025-02-14 10:49:06,983 - Concretus.core.regular_concrete.models.data_model - INFO - Updated chemical_admixtures.admixture_dosage -> 0.01
2025-02-14 10:49:06,983 - Concretus.core.regular_concrete.models.data_model - INFO - Updated chemical_admixtures.effectiveness -> 0
2025-02-14 10:49:06,984 - Concretus.core.regular_concrete.models.data_model - INFO - Updated fine_aggregate.gradation.passing -> {'3/8" (9,5 mm)': None, 'No. 4 (4,75 mm)': None, 'No. 8 (2,36 mm)': None, 'No. 16 (1,18 mm)': None, 'No. 30 (0,600 mm)': None, 'No. 50 (0,300 mm)': None, 'No. 100 (0,150 mm)': None, 'No. 200 (0,075 mm)': None}
2025-02-14 10:49:06,984 - Concretus.core.regular_concrete.models.data_model - INFO - Updated fine_aggregate.gradation.retained -> {}
2025-02-14 10:49:07,013 - Concretus.core.regular_concrete.models.data_model - INFO - Updated coarse_aggregate.gradation.passing -> {'4" (100 mm)': None, '3-1/2" (90 mm)': None, '3" (75 mm)': None, '2-1/2" (63 mm)': None, '2" (50 mm)': None, '1-1/2" (37,5 mm)': None, '1" (25 mm)': None, '3/4" (19 mm)': None, '1/2" (12,5 mm)': None, '3/8" (9,5 mm)': None, 'No. 4 (4,75 mm)': None, 'No. 8 (2,36 mm)': None, 'No. 16 (1,18 mm)': None, 'No. 50 (0,300 mm)': None}
2025-02-14 10:49:07,014 - Concretus.core.regular_concrete.models.data_model - INFO - Updated coarse_aggregate.gradation.retained -> {}
2025-02-14 10:49:07,014 - Concretus.core.regular_concrete.models.data_model - INFO - Updated fine_aggregate.gradation.retained_checked -> False
2025-02-14 10:49:07,015 - Concretus.core.regular_concrete.models.data_model - INFO - Updated fine_aggregate.gradation.passing_checked -> True
2025-02-14 10:49:07,015 - Concretus.core.regular_concrete.models.data_model - INFO - Updated coarse_aggregate.gradation.retained_checked -> False
2025-02-14 10:49:07,015 - Concretus.core.regular_concrete.models.data_model - INFO - Updated coarse_aggregate.gradation.passing_checked -> True
2025-02-14 10:49:07,018 - Concretus.core.regular_concrete.models.data_model - INFO - Updated fine_aggregate.gradation.cumulative_retained -> {'3/8" (9,5 mm)': None, 'No. 4 (4,75 mm)': None, 'No. 8 (2,36 mm)': None, 'No. 16 (1,18 mm)': None, 'No. 30 (0,600 mm)': None, 'No. 50 (0,300 mm)': None, 'No. 100 (0,150 mm)': None, 'No. 200 (0,075 mm)': None}
2025-02-14 10:49:07,018 - Concretus.core.regular_concrete.models.data_model - INFO - Updated fine_aggregate.gradation.retained -> {}
2025-02-14 10:49:07,019 - Concretus.core.regular_concrete.models.data_model - INFO - Updated coarse_aggregate.gradation.cumulative_retained -> {'4" (100 mm)': None, '3-1/2" (90 mm)': None, '3" (75 mm)': None, '2-1/2" (63 mm)': None, '2" (50 mm)': None, '1-1/2" (37,5 mm)': None, '1" (25 mm)': None, '3/4" (19 mm)': None, '1/2" (12,5 mm)': None, '3/8" (9,5 mm)': None, 'No. 4 (4,75 mm)': None, 'No. 8 (2,36 mm)': None, 'No. 16 (1,18 mm)': None, 'No. 50 (0,300 mm)': None}
2025-02-14 10:49:07,019 - Concretus.core.regular_concrete.models.data_model - INFO - Updated coarse_aggregate.gradation.retained -> {}
2025-02-14 10:49:07,019 - Concretus.core.regular_concrete.models.data_model - INFO - Updated validation.coarse_category -> None
2025-02-14 10:49:07,020 - Concretus.core.regular_concrete.models.data_model - INFO - Updated validation.fine_category -> None
2025-02-14 10:49:07,020 - Concretus.core.regular_concrete.models.data_model - INFO - Updated validation.coarse_scores -> {'1': 0.0, '2': 0.0, '3': 0.0, '357': 0.0, '4': 0.0, '467': 0.0, '5': 0.0, '56': 0.0, '57': 0.0, '6': 0.0, '67': 0.0, '7': 0.0, '8': 0.0, '89': 0.0, '9': 0.0}
2025-02-14 10:49:07,020 - Concretus.core.regular_concrete.models.data_model - INFO - Updated validation.fine_scores -> {'ASTM C33': 0.0}
2025-02-14 10:49:07,021 - Concretus.core.regular_concrete.models.data_model - INFO - Validation error: GRADING REQUIREMENTS FOR COARSE AGGREGATE -> Did not meet any requirements: {'1': 0.0, '2': 0.0, '3': 0.0, '357': 0.0, '4': 0.0, '467': 0.0, '5': 0.0, '56': 0.0, '57': 0.0, '6': 0.0, '67': 0.0, '7': 0.0, '8': 0.0, '89': 0.0, '9': 0.0}
2025-02-14 10:49:07,021 - Concretus.core.regular_concrete.models.data_model - INFO - Validation error: GRADING REQUIREMENTS FOR FINE AGGREGATE -> Did not meet any requirements: {'ASTM C33': 0.0}
2025-02-14 10:49:07,025 - Concretus.core.regular_concrete.models.data_model - INFO - Updated validation.NMS -> None
2025-02-14 10:49:07,025 - Concretus.core.regular_concrete.models.data_model - INFO - Updated validation.fineness_modulus -> 0.0
2025-02-14 10:49:07,025 - Concretus.core.regular_concrete.models.data_model - INFO - Validation error: FINENESS MODULUS -> Fineness modulus out of range. Minimum: 2.3, Maximum: 3.1, Calculated: 0.0
2025-02-14 10:49:07,028 - Concretus.core.regular_concrete.models.data_model - INFO - Updated validation.exposure_classes -> {'Exposición a sulfatos': 'S0', 'Exposición a ciclos de congelación y deshielo': 'F0', 'Exposición al contacto con agua': 'W0', 'Exposición a la corrosión': 'C0'}
2025-02-14 10:49:07,028 - Concretus.core.regular_concrete.models.validation - DEBUG - The specified compressive strength is greater than the minimum required by regulations
2025-02-14 10:49:07,031 - Concretus.core.regular_concrete.models.data_model - INFO - The current step changed to: 3
2025-02-14 10:49:08,988 - Concretus.gui.windows.main_window - INFO - The Regular Concrete design has been selected
2025-02-14 10:49:08,990 - Concretus.gui.windows.regular_concrete_widget - INFO - QRadioButton for fine table is active: False
2025-02-14 10:49:08,991 - Concretus.gui.windows.regular_concrete_widget - INFO - QRadioButton for coarse table is active: False
2025-02-14 10:49:08,992 - Concretus.gui.windows.regular_concrete_widget - INFO - The set of sieves for the DoE method has been generated
2025-02-14 10:49:08,993 - Concretus.gui.windows.regular_concrete_widget - INFO - A complete update of the current method to "DoE" has been made
2025-02-14 10:49:08,993 - Concretus.core.regular_concrete.models.data_model - INFO - Regular concrete method changed to: DoE
2025-02-14 10:49:08,998 - Concretus.core.regular_concrete.models.data_model - INFO - The current step changed to: 2
2025-02-14 10:49:10,557 - Concretus.gui.windows.main_window - INFO - The Check Design has been selected
2025-02-14 10:49:10,557 - Concretus.core.regular_concrete.models.data_model - INFO - Updated general_info.project_name -> 
2025-02-14 10:49:10,557 - Concretus.core.regular_concrete.models.data_model - INFO - Updated general_info.location -> 
2025-02-14 10:49:10,558 - Concretus.core.regular_concrete.models.data_model - INFO - Updated general_info.method -> DoE
2025-02-14 10:49:10,558 - Concretus.core.regular_concrete.models.data_model - INFO - Updated general_info.purchaser -> 
2025-02-14 10:49:10,558 - Concretus.core.regular_concrete.models.data_model - INFO - Updated general_info.date -> 01-01-2025
2025-02-14 10:49:10,558 - Concretus.core.regular_concrete.models.data_model - INFO - Updated field_requirements.slump -> 10
2025-02-14 10:49:10,558 - Concretus.core.regular_concrete.models.data_model - INFO - Updated field_requirements.exposure_class.group_1 -> Corrosión inducida por carbonatación
2025-02-14 10:49:10,559 - Concretus.core.regular_concrete.models.data_model - INFO - Updated field_requirements.exposure_class.items_1 -> N/A
2025-02-14 10:49:10,559 - Concretus.core.regular_concrete.models.data_model - INFO - Updated field_requirements.exposure_class.group_2 -> Corrosión inducida por cloruros
2025-02-14 10:49:10,559 - Concretus.core.regular_concrete.models.data_model - INFO - Updated field_requirements.exposure_class.items_2 -> N/A
2025-02-14 10:49:10,559 - Concretus.core.regular_concrete.models.data_model - INFO - Updated field_requirements.exposure_class.group_3 -> Ataque por congelación y deshielo
2025-02-14 10:49:10,559 - Concretus.core.regular_concrete.models.data_model - INFO - Updated field_requirements.exposure_class.items_3 -> N/A
2025-02-14 10:49:10,559 - Concretus.core.regular_concrete.models.data_model - INFO - Updated field_requirements.exposure_class.group_4 -> Exposición a ambientes químicos agresivos
2025-02-14 10:49:10,559 - Concretus.core.regular_concrete.models.data_model - INFO - Updated field_requirements.exposure_class.items_4 -> N/A
2025-02-14 10:49:10,560 - Concretus.core.regular_concrete.models.data_model - INFO - Updated field_requirements.air_content.air_content_checked -> False
2025-02-14 10:49:10,560 - Concretus.core.regular_concrete.models.data_model - INFO - Updated field_requirements.air_content.user_defined -> 3.5
2025-02-14 10:49:10,560 - Concretus.core.regular_concrete.models.data_model - INFO - Updated field_requirements.air_content.exposure_defined -> True
2025-02-14 10:49:10,560 - Concretus.core.regular_concrete.models.data_model - INFO - Updated field_requirements.strength.spec_strength -> 210
2025-02-14 10:49:10,560 - Concretus.core.regular_concrete.models.data_model - INFO - Updated field_requirements.strength.std_dev_known.value -> 0.0
2025-02-14 10:49:10,560 - Concretus.core.regular_concrete.models.data_model - INFO - Updated field_requirements.strength.std_dev_known.test_nro -> 1
2025-02-14 10:49:10,560 - Concretus.core.regular_concrete.models.data_model - INFO - Updated field_requirements.strength.std_dev_known.defective_level -> 5.0
2025-02-14 10:49:10,560 - Concretus.core.regular_concrete.models.data_model - INFO - Updated field_requirements.strength.std_dev_unknown.qual_control -> Excelente
2025-02-14 10:49:10,561 - Concretus.core.regular_concrete.models.data_model - INFO - Updated field_requirements.strength.std_dev_unknown.margin -> 0
2025-02-14 10:49:10,561 - Concretus.core.regular_concrete.models.data_model - INFO - Updated cementitious_materials.cement_seller -> 
2025-02-14 10:49:10,561 - Concretus.core.regular_concrete.models.data_model - INFO - Updated cementitious_materials.cement_type -> CEM I
2025-02-14 10:49:10,561 - Concretus.core.regular_concrete.models.data_model - INFO - Updated cementitious_materials.cement_class -> 42.5 [Cemento ordinario (CEM 1) o resistente a los sulfatos (SRPC)]
2025-02-14 10:49:10,561 - Concretus.core.regular_concrete.models.data_model - INFO - Updated cementitious_materials.relative_density -> 3.15
2025-02-14 10:49:10,561 - Concretus.core.regular_concrete.models.data_model - INFO - Updated cementitious_materials.SCM.SCM_checked -> False
2025-02-14 10:49:10,561 - Concretus.core.regular_concrete.models.data_model - INFO - Updated cementitious_materials.SCM.SCM_type -> Cenizas volantes
2025-02-14 10:49:10,561 - Concretus.core.regular_concrete.models.data_model - INFO - Updated cementitious_materials.SCM.SCM_content -> 0
2025-02-14 10:49:10,561 - Concretus.core.regular_concrete.models.data_model - INFO - Updated cementitious_materials.SCM.SCM_relative_density -> 0.01
2025-02-14 10:49:10,562 - Concretus.core.regular_concrete.models.data_model - INFO - Updated fine_aggregate.info.name -> 
2025-02-14 10:49:10,562 - Concretus.core.regular_concrete.models.data_model - INFO - Updated fine_aggregate.info.source -> 
2025-02-14 10:49:10,562 - Concretus.core.regular_concrete.models.data_model - INFO - Updated fine_aggregate.info.type -> Triturada
2025-02-14 10:49:10,562 - Concretus.core.regular_concrete.models.data_model - INFO - Updated fine_aggregate.physical_prop.relative_density_SSD -> 0.01
2025-02-14 10:49:10,562 - Concretus.core.regular_concrete.models.data_model - INFO - Updated fine_aggregate.physical_prop.PUS -> 0.01
2025-02-14 10:49:10,562 - Concretus.core.regular_concrete.models.data_model - INFO - Updated fine_aggregate.physical_prop.PUC -> 0.01
2025-02-14 10:49:10,562 - Concretus.core.regular_concrete.models.data_model - INFO - Updated fine_aggregate.moisture.moisture_content -> 0.0
2025-02-14 10:49:10,562 - Concretus.core.regular_concrete.models.data_model - INFO - Updated fine_aggregate.moisture.absorption_content -> 0.0
2025-02-14 10:49:10,562 - Concretus.core.regular_concrete.models.data_model - INFO - Updated coarse_aggregate.info.name -> 
2025-02-14 10:49:10,562 - Concretus.core.regular_concrete.models.data_model - INFO - Updated coarse_aggregate.info.source -> 
2025-02-14 10:49:10,563 - Concretus.core.regular_concrete.models.data_model - INFO - Updated coarse_aggregate.info.type -> Triturada
2025-02-14 10:49:10,563 - Concretus.core.regular_concrete.models.data_model - INFO - Updated coarse_aggregate.physical_prop.relative_density_SSD -> 0.01
2025-02-14 10:49:10,563 - Concretus.core.regular_concrete.models.data_model - INFO - Updated coarse_aggregate.physical_prop.PUS -> 0.01
2025-02-14 10:49:10,563 - Concretus.core.regular_concrete.models.data_model - INFO - Updated coarse_aggregate.physical_prop.PUC -> 0.01
2025-02-14 10:49:10,563 - Concretus.core.regular_concrete.models.data_model - INFO - Updated coarse_aggregate.moisture.moisture_content -> 0.0
2025-02-14 10:49:10,563 - Concretus.core.regular_concrete.models.data_model - INFO - Updated coarse_aggregate.moisture.absorption_content -> 0.0
2025-02-14 10:49:10,563 - Concretus.core.regular_concrete.models.data_model - INFO - Updated water.water_type -> Agua potable
2025-02-14 10:49:10,563 - Concretus.core.regular_concrete.models.data_model - INFO - Updated water.water_source -> 
2025-02-14 10:49:10,563 - Concretus.core.regular_concrete.models.data_model - INFO - Updated water.water_density -> 1000.0
2025-02-14 10:49:10,564 - Concretus.core.regular_concrete.models.data_model - INFO - Updated chemical_admixtures.admixture_type -> Incorporador de aire
2025-02-14 10:49:10,564 - Concretus.core.regular_concrete.models.data_model - INFO - Updated chemical_admixtures.admixture_name -> 
2025-02-14 10:49:10,564 - Concretus.core.regular_concrete.models.data_model - INFO - Updated chemical_admixtures.admixture_relative_density -> 0.001
2025-02-14 10:49:10,564 - Concretus.core.regular_concrete.models.data_model - INFO - Updated chemical_admixtures.admixture_dosage -> 0.01
2025-02-14 10:49:10,564 - Concretus.core.regular_concrete.models.data_model - INFO - Updated chemical_admixtures.effectiveness -> 0
2025-02-14 10:49:10,564 - Concretus.core.regular_concrete.models.data_model - INFO - Updated fine_aggregate.gradation.passing -> {'5/16" (8 mm)': None, '1/4" (6,3 mm)': None, 'No. 5 (4 mm)': None, 'No. 7 (2,8 mm)': None, 'No. 10 (2 mm)': None, 'No. 18 (1 mm)': None, 'No. 30 (0,600 mm)': None, 'No. 35 (0,500 mm)': None, 'No. 60 (0,250 mm)': None, 'No. 120 (0,125 mm)': None, 'No. 230 (0,063 mm)': None}
2025-02-14 10:49:10,564 - Concretus.core.regular_concrete.models.data_model - INFO - Updated fine_aggregate.gradation.retained -> {}
2025-02-14 10:49:10,564 - Concretus.core.regular_concrete.models.data_model - INFO - Updated coarse_aggregate.gradation.passing -> {'N/A (80 mm)': None, '2-1/2" (63 mm)': None, 'N/A (40 mm)': None, '1-1/4" (31,5 mm)': None, 'N/A (20 mm)': None, '5/8" (16 mm)': None, 'N/A (14 mm)': None, 'N/A (10 mm)': None, '5/16" (8 mm)': None, '1/4" (6,3 mm)': None, 'No. 5 (4 mm)': None, 'No. 7 (2,8 mm)': None, 'No. 10 (2 mm)': None, 'No. 18 (1 mm)': None}
2025-02-14 10:49:10,565 - Concretus.core.regular_concrete.models.data_model - INFO - Updated coarse_aggregate.gradation.retained -> {}
2025-02-14 10:49:10,565 - Concretus.core.regular_concrete.models.data_model - INFO - Updated fine_aggregate.gradation.retained_checked -> False
2025-02-14 10:49:10,565 - Concretus.core.regular_concrete.models.data_model - INFO - Updated fine_aggregate.gradation.passing_checked -> True
2025-02-14 10:49:10,565 - Concretus.core.regular_concrete.models.data_model - INFO - Updated coarse_aggregate.gradation.retained_checked -> False
2025-02-14 10:49:10,565 - Concretus.core.regular_concrete.models.data_model - INFO - Updated coarse_aggregate.gradation.passing_checked -> True
2025-02-14 10:49:10,566 - Concretus.core.regular_concrete.models.data_model - INFO - Updated fine_aggregate.gradation.cumulative_retained -> {'5/16" (8 mm)': None, '1/4" (6,3 mm)': None, 'No. 5 (4 mm)': None, 'No. 7 (2,8 mm)': None, 'No. 10 (2 mm)': None, 'No. 18 (1 mm)': None, 'No. 30 (0,600 mm)': None, 'No. 35 (0,500 mm)': None, 'No. 60 (0,250 mm)': None, 'No. 120 (0,125 mm)': None, 'No. 230 (0,063 mm)': None}
2025-02-14 10:49:10,566 - Concretus.core.regular_concrete.models.data_model - INFO - Updated fine_aggregate.gradation.retained -> {}
2025-02-14 10:49:10,566 - Concretus.core.regular_concrete.models.data_model - INFO - Updated coarse_aggregate.gradation.cumulative_retained -> {'N/A (80 mm)': None, '2-1/2" (63 mm)': None, 'N/A (40 mm)': None, '1-1/4" (31,5 mm)': None, 'N/A (20 mm)': None, '5/8" (16 mm)': None, 'N/A (14 mm)': None, 'N/A (10 mm)': None, '5/16" (8 mm)': None, '1/4" (6,3 mm)': None, 'No. 5 (4 mm)': None, 'No. 7 (2,8 mm)': None, 'No. 10 (2 mm)': None, 'No. 18 (1 mm)': None}
2025-02-14 10:49:10,566 - Concretus.core.regular_concrete.models.data_model - INFO - Updated coarse_aggregate.gradation.retained -> {}
2025-02-14 10:49:10,566 - Concretus.core.regular_concrete.models.data_model - INFO - Updated validation.coarse_category -> None
2025-02-14 10:49:10,566 - Concretus.core.regular_concrete.models.data_model - INFO - Updated validation.fine_category -> None
2025-02-14 10:49:10,567 - Concretus.core.regular_concrete.models.data_model - INFO - Updated validation.coarse_scores -> {'4/40 (GC 90/15)': 0.0, '4/20 (GC 90/15)': 0.0, '2/14 (GC 90/15)': 0.0, '20/40 (GC 85/20)': 0.0, '10/20 (GC 85/20)': 0.0, '6.3/14 (GC 85/20)': 0.0, '4/10 (GC 85/20)': 0.0, '2/6.3 (GC 80/20)': 0.0}
2025-02-14 10:49:10,567 - Concretus.core.regular_concrete.models.data_model - INFO - Updated validation.fine_scores -> {'0/4 (CP) [GF 85]': 0.0, '0/4 (MP) [GF 85]': 0.0, '0/2 (MP) [GF 85]': 0.0, '0/2 (FP) [GF 85]': 0.0, '0/1 (FP) [GF 85]': 0.0}
2025-02-14 10:49:10,567 - Concretus.core.regular_concrete.models.data_model - INFO - Validation error: GRADING REQUIREMENTS FOR COARSE AGGREGATE -> Did not meet any requirements: {'4/40 (GC 90/15)': 0.0, '4/20 (GC 90/15)': 0.0, '2/14 (GC 90/15)': 0.0, '20/40 (GC 85/20)': 0.0, '10/20 (GC 85/20)': 0.0, '6.3/14 (GC 85/20)': 0.0, '4/10 (GC 85/20)': 0.0, '2/6.3 (GC 80/20)': 0.0}
2025-02-14 10:49:10,567 - Concretus.core.regular_concrete.models.data_model - INFO - Validation error: GRADING REQUIREMENTS FOR FINE AGGREGATE -> Did not meet any requirements: {'0/4 (CP) [GF 85]': 0.0, '0/4 (MP) [GF 85]': 0.0, '0/2 (MP) [GF 85]': 0.0, '0/2 (FP) [GF 85]': 0.0, '0/1 (FP) [GF 85]': 0.0}
2025-02-14 10:49:10,569 - Concretus.core.regular_concrete.models.data_model - INFO - Updated validation.NMS -> None
2025-02-14 10:49:10,569 - Concretus.core.regular_concrete.models.data_model - INFO - Updated validation.fineness_modulus -> 0.0
2025-02-14 10:49:10,569 - Concretus.core.regular_concrete.models.validation - DEBUG - No limits exits for the fineness modulus for the method DoE
2025-02-14 10:49:10,571 - Concretus.core.regular_concrete.models.data_model - INFO - Updated validation.exposure_classes -> {'Corrosión inducida por carbonatación': 'N/A', 'Corrosión inducida por cloruros': 'N/A', 'Ataque por congelación y deshielo': 'N/A', 'Exposición a ambientes químicos agresivos': 'N/A'}
2025-02-14 10:49:10,571 - Concretus.core.regular_concrete.models.validation - DEBUG - The specified compressive strength is greater than the minimum required by regulations
2025-02-14 10:49:10,584 - Concretus.core.regular_concrete.models.data_model - INFO - The current step changed to: 3
2025-02-14 10:51:44,659 - Concretus.gui.windows.main_window - INFO - The Check Design has been selected
2025-02-14 10:51:44,659 - Concretus.core.regular_concrete.models.data_model - INFO - Updated general_info.project_name -> 
2025-02-14 10:51:44,660 - Concretus.core.regular_concrete.models.data_model - INFO - Updated general_info.location -> 
2025-02-14 10:51:44,660 - Concretus.core.regular_concrete.models.data_model - INFO - Updated general_info.method -> DoE
2025-02-14 10:51:44,660 - Concretus.core.regular_concrete.models.data_model - INFO - Updated general_info.purchaser -> 
2025-02-14 10:51:44,660 - Concretus.core.regular_concrete.models.data_model - INFO - Updated general_info.date -> 01-01-2025
2025-02-14 10:51:44,660 - Concretus.core.regular_concrete.models.data_model - INFO - Updated field_requirements.slump -> 10
2025-02-14 10:51:44,660 - Concretus.core.regular_concrete.models.data_model - INFO - Updated field_requirements.exposure_class.group_1 -> Corrosión inducida por carbonatación
2025-02-14 10:51:44,661 - Concretus.core.regular_concrete.models.data_model - INFO - Updated field_requirements.exposure_class.items_1 -> N/A
2025-02-14 10:51:44,661 - Concretus.core.regular_concrete.models.data_model - INFO - Updated field_requirements.exposure_class.group_2 -> Corrosión inducida por cloruros
2025-02-14 10:51:44,661 - Concretus.core.regular_concrete.models.data_model - INFO - Updated field_requirements.exposure_class.items_2 -> N/A
2025-02-14 10:51:44,661 - Concretus.core.regular_concrete.models.data_model - INFO - Updated field_requirements.exposure_class.group_3 -> Ataque por congelación y deshielo
2025-02-14 10:51:44,661 - Concretus.core.regular_concrete.models.data_model - INFO - Updated field_requirements.exposure_class.items_3 -> N/A
2025-02-14 10:51:44,661 - Concretus.core.regular_concrete.models.data_model - INFO - Updated field_requirements.exposure_class.group_4 -> Exposición a ambientes químicos agresivos
2025-02-14 10:51:44,661 - Concretus.core.regular_concrete.models.data_model - INFO - Updated field_requirements.exposure_class.items_4 -> N/A
2025-02-14 10:51:44,661 - Concretus.core.regular_concrete.models.data_model - INFO - Updated field_requirements.air_content.air_content_checked -> False
2025-02-14 10:51:44,661 - Concretus.core.regular_concrete.models.data_model - INFO - Updated field_requirements.air_content.user_defined -> 3.5
2025-02-14 10:51:44,662 - Concretus.core.regular_concrete.models.data_model - INFO - Updated field_requirements.air_content.exposure_defined -> True
2025-02-14 10:51:44,662 - Concretus.core.regular_concrete.models.data_model - INFO - Updated field_requirements.strength.spec_strength -> 210
2025-02-14 10:51:44,662 - Concretus.core.regular_concrete.models.data_model - INFO - Updated field_requirements.strength.std_dev_known.value -> 0.0
2025-02-14 10:51:44,662 - Concretus.core.regular_concrete.models.data_model - INFO - Updated field_requirements.strength.std_dev_known.test_nro -> 1
2025-02-14 10:51:44,662 - Concretus.core.regular_concrete.models.data_model - INFO - Updated field_requirements.strength.std_dev_known.defective_level -> 5.0
2025-02-14 10:51:44,662 - Concretus.core.regular_concrete.models.data_model - INFO - Updated field_requirements.strength.std_dev_unknown.qual_control -> Excelente
2025-02-14 10:51:44,663 - Concretus.core.regular_concrete.models.data_model - INFO - Updated field_requirements.strength.std_dev_unknown.margin -> 0
2025-02-14 10:51:44,663 - Concretus.core.regular_concrete.models.data_model - INFO - Updated cementitious_materials.cement_seller -> 
2025-02-14 10:51:44,663 - Concretus.core.regular_concrete.models.data_model - INFO - Updated cementitious_materials.cement_type -> CEM I
2025-02-14 10:51:44,663 - Concretus.core.regular_concrete.models.data_model - INFO - Updated cementitious_materials.cement_class -> 42.5 [Cemento ordinario (CEM 1) o resistente a los sulfatos (SRPC)]
2025-02-14 10:51:44,663 - Concretus.core.regular_concrete.models.data_model - INFO - Updated cementitious_materials.relative_density -> 3.15
2025-02-14 10:51:44,663 - Concretus.core.regular_concrete.models.data_model - INFO - Updated cementitious_materials.SCM.SCM_checked -> False
2025-02-14 10:51:44,664 - Concretus.core.regular_concrete.models.data_model - INFO - Updated cementitious_materials.SCM.SCM_type -> Cenizas volantes
2025-02-14 10:51:44,664 - Concretus.core.regular_concrete.models.data_model - INFO - Updated cementitious_materials.SCM.SCM_content -> 0
2025-02-14 10:51:44,665 - Concretus.core.regular_concrete.models.data_model - INFO - Updated cementitious_materials.SCM.SCM_relative_density -> 0.01
2025-02-14 10:51:44,665 - Concretus.core.regular_concrete.models.data_model - INFO - Updated fine_aggregate.info.name -> 
2025-02-14 10:51:44,665 - Concretus.core.regular_concrete.models.data_model - INFO - Updated fine_aggregate.info.source -> 
2025-02-14 10:51:44,665 - Concretus.core.regular_concrete.models.data_model - INFO - Updated fine_aggregate.info.type -> Triturada
2025-02-14 10:51:44,666 - Concretus.core.regular_concrete.models.data_model - INFO - Updated fine_aggregate.physical_prop.relative_density_SSD -> 0.01
2025-02-14 10:51:44,666 - Concretus.core.regular_concrete.models.data_model - INFO - Updated fine_aggregate.physical_prop.PUS -> 0.01
2025-02-14 10:51:44,666 - Concretus.core.regular_concrete.models.data_model - INFO - Updated fine_aggregate.physical_prop.PUC -> 0.01
2025-02-14 10:51:44,666 - Concretus.core.regular_concrete.models.data_model - INFO - Updated fine_aggregate.moisture.moisture_content -> 0.0
2025-02-14 10:51:44,666 - Concretus.core.regular_concrete.models.data_model - INFO - Updated fine_aggregate.moisture.absorption_content -> 0.0
2025-02-14 10:51:44,667 - Concretus.core.regular_concrete.models.data_model - INFO - Updated coarse_aggregate.info.name -> 
2025-02-14 10:51:44,667 - Concretus.core.regular_concrete.models.data_model - INFO - Updated coarse_aggregate.info.source -> 
2025-02-14 10:51:44,667 - Concretus.core.regular_concrete.models.data_model - INFO - Updated coarse_aggregate.info.type -> Triturada
2025-02-14 10:51:44,667 - Concretus.core.regular_concrete.models.data_model - INFO - Updated coarse_aggregate.physical_prop.relative_density_SSD -> 0.01
2025-02-14 10:51:44,667 - Concretus.core.regular_concrete.models.data_model - INFO - Updated coarse_aggregate.physical_prop.PUS -> 0.01
2025-02-14 10:51:44,668 - Concretus.core.regular_concrete.models.data_model - INFO - Updated coarse_aggregate.physical_prop.PUC -> 0.01
2025-02-14 10:51:44,668 - Concretus.core.regular_concrete.models.data_model - INFO - Updated coarse_aggregate.moisture.moisture_content -> 0.0
2025-02-14 10:51:44,668 - Concretus.core.regular_concrete.models.data_model - INFO - Updated coarse_aggregate.moisture.absorption_content -> 0.0
2025-02-14 10:51:44,668 - Concretus.core.regular_concrete.models.data_model - INFO - Updated water.water_type -> Agua potable
2025-02-14 10:51:44,668 - Concretus.core.regular_concrete.models.data_model - INFO - Updated water.water_source -> 
2025-02-14 10:51:44,668 - Concretus.core.regular_concrete.models.data_model - INFO - Updated water.water_density -> 1000.0
2025-02-14 10:51:44,669 - Concretus.core.regular_concrete.models.data_model - INFO - Updated chemical_admixtures.admixture_type -> Incorporador de aire
2025-02-14 10:51:44,669 - Concretus.core.regular_concrete.models.data_model - INFO - Updated chemical_admixtures.admixture_name -> 
2025-02-14 10:51:44,669 - Concretus.core.regular_concrete.models.data_model - INFO - Updated chemical_admixtures.admixture_relative_density -> 0.001
2025-02-14 10:51:44,669 - Concretus.core.regular_concrete.models.data_model - INFO - Updated chemical_admixtures.admixture_dosage -> 0.01
2025-02-14 10:51:44,669 - Concretus.core.regular_concrete.models.data_model - INFO - Updated chemical_admixtures.effectiveness -> 0
2025-02-14 10:51:44,669 - Concretus.core.regular_concrete.models.data_model - INFO - Updated fine_aggregate.gradation.passing -> {'5/16" (8 mm)': 100.0, '1/4" (6,3 mm)': 98.0, 'No. 5 (4 mm)': 90.0, 'No. 7 (2,8 mm)': 70.0, 'No. 10 (2 mm)': 40.0, 'No. 18 (1 mm)': 35.0, 'No. 30 (0,600 mm)': 30.0, 'No. 35 (0,500 mm)': 15.0, 'No. 60 (0,250 mm)': None, 'No. 120 (0,125 mm)': None, 'No. 230 (0,063 mm)': None}
2025-02-14 10:51:44,669 - Concretus.core.regular_concrete.models.data_model - INFO - Updated fine_aggregate.gradation.retained -> {}
2025-02-14 10:51:44,669 - Concretus.core.regular_concrete.models.data_model - INFO - Updated coarse_aggregate.gradation.passing -> {'N/A (80 mm)': 100.0, '2-1/2" (63 mm)': 99.0, 'N/A (40 mm)': 95.0, '1-1/4" (31,5 mm)': None, 'N/A (20 mm)': 50.0, '5/8" (16 mm)': None, 'N/A (14 mm)': None, 'N/A (10 mm)': None, '5/16" (8 mm)': None, '1/4" (6,3 mm)': None, 'No. 5 (4 mm)': 10.0, 'No. 7 (2,8 mm)': None, 'No. 10 (2 mm)': 3.0, 'No. 18 (1 mm)': None}
2025-02-14 10:51:44,670 - Concretus.core.regular_concrete.models.data_model - INFO - Updated coarse_aggregate.gradation.retained -> {}
2025-02-14 10:51:44,670 - Concretus.core.regular_concrete.models.data_model - INFO - Updated fine_aggregate.gradation.retained_checked -> False
2025-02-14 10:51:44,670 - Concretus.core.regular_concrete.models.data_model - INFO - Updated fine_aggregate.gradation.passing_checked -> True
2025-02-14 10:51:44,670 - Concretus.core.regular_concrete.models.data_model - INFO - Updated coarse_aggregate.gradation.retained_checked -> False
2025-02-14 10:51:44,670 - Concretus.core.regular_concrete.models.data_model - INFO - Updated coarse_aggregate.gradation.passing_checked -> True
2025-02-14 10:51:44,672 - Concretus.core.regular_concrete.models.data_model - INFO - Updated fine_aggregate.gradation.cumulative_retained -> {'5/16" (8 mm)': 0.0, '1/4" (6,3 mm)': 2.0, 'No. 5 (4 mm)': 10.0, 'No. 7 (2,8 mm)': 30.0, 'No. 10 (2 mm)': 60.0, 'No. 18 (1 mm)': 65.0, 'No. 30 (0,600 mm)': 70.0, 'No. 35 (0,500 mm)': 85.0, 'No. 60 (0,250 mm)': None, 'No. 120 (0,125 mm)': None, 'No. 230 (0,063 mm)': None}
2025-02-14 10:51:44,672 - Concretus.core.regular_concrete.models.data_model - INFO - Updated fine_aggregate.gradation.retained -> {'5/16" (8 mm)': 0.0, '1/4" (6,3 mm)': 2.0, 'No. 5 (4 mm)': 8.0, 'No. 7 (2,8 mm)': 20.0, 'No. 10 (2 mm)': 30.0, 'No. 18 (1 mm)': 5.0, 'No. 30 (0,600 mm)': 5.0, 'No. 35 (0,500 mm)': 15.0, 'No. 60 (0,250 mm)': None, 'No. 120 (0,125 mm)': None, 'No. 230 (0,063 mm)': None}
2025-02-14 10:51:44,672 - Concretus.core.regular_concrete.models.data_model - INFO - Updated coarse_aggregate.gradation.cumulative_retained -> {'N/A (80 mm)': 0.0, '2-1/2" (63 mm)': 1.0, 'N/A (40 mm)': 5.0, '1-1/4" (31,5 mm)': None, 'N/A (20 mm)': 50.0, '5/8" (16 mm)': None, 'N/A (14 mm)': None, 'N/A (10 mm)': None, '5/16" (8 mm)': None, '1/4" (6,3 mm)': None, 'No. 5 (4 mm)': 90.0, 'No. 7 (2,8 mm)': None, 'No. 10 (2 mm)': 97.0, 'No. 18 (1 mm)': None}
2025-02-14 10:51:44,672 - Concretus.core.regular_concrete.models.data_model - INFO - Updated coarse_aggregate.gradation.retained -> {'N/A (80 mm)': 0.0, '2-1/2" (63 mm)': 1.0, 'N/A (40 mm)': 4.0, '1-1/4" (31,5 mm)': None, 'N/A (20 mm)': None, '5/8" (16 mm)': None, 'N/A (14 mm)': None, 'N/A (10 mm)': None, '5/16" (8 mm)': None, '1/4" (6,3 mm)': None, 'No. 5 (4 mm)': None, 'No. 7 (2,8 mm)': None, 'No. 10 (2 mm)': None, 'No. 18 (1 mm)': None}
2025-02-14 10:51:44,673 - Concretus.core.regular_concrete.models.data_model - INFO - Updated validation.coarse_category -> 4/40 (GC 90/15)
2025-02-14 10:51:44,673 - Concretus.core.regular_concrete.models.data_model - INFO - Updated validation.fine_category -> 0/4 (CP) [GF 85]
2025-02-14 10:51:44,673 - Concretus.core.regular_concrete.models.data_model - INFO - Updated validation.coarse_scores -> {'4/40 (GC 90/15)': 1.0, '4/20 (GC 90/15)': 0.3333333333333333, '2/14 (GC 90/15)': 0.16666666666666666, '20/40 (GC 85/20)': 0.6, '10/20 (GC 85/20)': 0.0, '6.3/14 (GC 85/20)': 0.0, '4/10 (GC 85/20)': 0.4, '2/6.3 (GC 80/20)': 0.2}
2025-02-14 10:51:44,673 - Concretus.core.regular_concrete.models.data_model - INFO - Updated validation.fine_scores -> {'0/4 (CP) [GF 85]': 1.0, '0/4 (MP) [GF 85]': 0.75, '0/2 (MP) [GF 85]': 0.0, '0/2 (FP) [GF 85]': 0.0, '0/1 (FP) [GF 85]': 0.0}
2025-02-14 10:51:44,673 - Concretus.core.regular_concrete.models.validation - DEBUG - The best category for the coarse aggregate grading is 4/40 (GC 90/15). The calculated scores of all the sieves studied are as follows:
2025-02-14 10:51:44,673 - Concretus.core.regular_concrete.models.validation - DEBUG - {'4/40 (GC 90/15)': 1.0, '4/20 (GC 90/15)': 0.3333333333333333, '2/14 (GC 90/15)': 0.16666666666666666, '20/40 (GC 85/20)': 0.6, '10/20 (GC 85/20)': 0.0, '6.3/14 (GC 85/20)': 0.0, '4/10 (GC 85/20)': 0.4, '2/6.3 (GC 80/20)': 0.2}
2025-02-14 10:51:44,673 - Concretus.core.regular_concrete.models.validation - DEBUG - The best category for the fine aggregate grading is 0/4 (CP) [GF 85]. The calculated scores of all the sieves studied are as follows:
2025-02-14 10:51:44,673 - Concretus.core.regular_concrete.models.validation - DEBUG - {'0/4 (CP) [GF 85]': 1.0, '0/4 (MP) [GF 85]': 0.75, '0/2 (MP) [GF 85]': 0.0, '0/2 (FP) [GF 85]': 0.0, '0/1 (FP) [GF 85]': 0.0}
2025-02-14 10:51:44,675 - Concretus.core.regular_concrete.models.data_model - INFO - Updated validation.NMS -> N/A (40 mm)
2025-02-14 10:51:44,676 - Concretus.core.regular_concrete.models.data_model - INFO - Updated validation.fineness_modulus -> 2.2
2025-02-14 10:51:44,676 - Concretus.core.regular_concrete.models.validation - DEBUG - No limits exits for the fineness modulus for the method DoE
2025-02-14 10:51:44,677 - Concretus.core.regular_concrete.models.data_model - INFO - Updated validation.exposure_classes -> {'Corrosión inducida por carbonatación': 'N/A', 'Corrosión inducida por cloruros': 'N/A', 'Ataque por congelación y deshielo': 'N/A', 'Exposición a ambientes químicos agresivos': 'N/A'}
2025-02-14 10:51:44,678 - Concretus.core.regular_concrete.models.validation - DEBUG - The specified compressive strength is greater than the minimum required by regulations
2025-02-14 10:51:53,402 - Concretus.gui.windows.main_window - INFO - The plot dialog has been selected
2025-02-14 10:51:53,468 - Concretus.core.regular_concrete.plots.grading_curve - INFO - Plotting dialog initialized
2025-02-14 10:51:53,469 - Concretus.core.regular_concrete.plots.grading_curve - INFO - ************PLOTTING************
2025-02-14 10:51:53,469 - Concretus.core.regular_concrete.plots.grading_curve - DEBUG - [(0.5, 15.0), (0.6, 30.0), (1.0, 35.0), (2.0, 40.0), (2.8, 70.0), (4.0, 90.0), (6.3, 98.0), (8.0, 100.0)]
2025-02-14 10:51:53,495 - Concretus.core.regular_concrete.plots.grading_curve - INFO - ************PLOTTING************
2025-02-14 10:51:53,495 - Concretus.core.regular_concrete.plots.grading_curve - DEBUG - [(0.5, 45), (4.0, 99), (6.3, 100), (8.0, 100)]
2025-02-14 10:51:53,506 - Concretus.core.regular_concrete.plots.grading_curve - INFO - ************PLOTTING************
2025-02-14 10:51:53,506 - Concretus.core.regular_concrete.plots.grading_curve - DEBUG - [(0.5, 5), (4.0, 85), (6.3, 95), (8.0, 100)]
2025-02-14 10:51:56,704 - Concretus.gui.windows.main_window - INFO - The plot dialog has been selected
2025-02-14 10:51:56,730 - Concretus.core.regular_concrete.plots.grading_curve - INFO - Plotting dialog initialized
2025-02-14 10:51:56,730 - Concretus.core.regular_concrete.plots.grading_curve - INFO - ************PLOTTING************
2025-02-14 10:51:56,731 - Concretus.core.regular_concrete.plots.grading_curve - DEBUG - [(0.5, 15.0), (0.6, 30.0), (1.0, 35.0), (2.0, 40.0), (2.8, 70.0), (4.0, 90.0), (6.3, 98.0), (8.0, 100.0)]
2025-02-14 10:51:56,744 - Concretus.core.regular_concrete.plots.grading_curve - INFO - ************PLOTTING************
2025-02-14 10:51:56,745 - Concretus.core.regular_concrete.plots.grading_curve - DEBUG - [(0.5, 45), (4.0, 99), (6.3, 100), (8.0, 100)]
2025-02-14 10:51:56,757 - Concretus.core.regular_concrete.plots.grading_curve - INFO - ************PLOTTING************
2025-02-14 10:51:56,757 - Concretus.core.regular_concrete.plots.grading_curve - DEBUG - [(0.5, 5), (4.0, 85), (6.3, 95), (8.0, 100)]
2025-02-14 10:52:10,904 - Concretus.gui.windows.main_window - INFO - The plot dialog has been selected
2025-02-14 10:52:10,932 - Concretus.core.regular_concrete.plots.grading_curve - INFO - Plotting dialog initialized
2025-02-14 10:52:10,932 - Concretus.core.regular_concrete.plots.grading_curve - INFO - ************PLOTTING************
2025-02-14 10:52:10,933 - Concretus.core.regular_concrete.plots.grading_curve - DEBUG - [(2.0, 3.0), (4.0, 10.0), (20.0, 50.0), (40.0, 95.0), (63.0, 99.0), (80.0, 100.0)]
2025-02-14 10:52:10,942 - Concretus.core.regular_concrete.plots.grading_curve - INFO - ************PLOTTING************
2025-02-14 10:52:10,942 - Concretus.core.regular_concrete.plots.grading_curve - DEBUG - [(2.0, 5), (4.0, 15), (20.0, 70), (40.0, 99), (63.0, 100), (80.0, 100)]
2025-02-14 10:52:10,952 - Concretus.core.regular_concrete.plots.grading_curve - INFO - ************PLOTTING************
2025-02-14 10:52:10,952 - Concretus.core.regular_concrete.plots.grading_curve - DEBUG - [(2.0, 0), (4.0, 0), (20.0, 25), (40.0, 90), (63.0, 98), (80.0, 100)]
2025-02-14 10:52:29,089 - Concretus.gui.windows.main_window - INFO - Exit dialog has been opened
2025-02-14 10:52:30,033 - Concretus.gui.windows.main_window - INFO - Exit dialog has been accepted
